2025-05-23 18:43:11,823 - INFO - Client connected: h7fJiScOp7numykNAAAB
2025-05-23 18:43:11,824 - ERROR - Invalid session s-XwgPJNkm76W5qJAAAA (further occurrences of this error will be logged with level INFO)
2025-05-23 18:43:11,826 - ERROR - Invalid session s-XwgPJNkm76W5qJAAAA (further occurrences of this error will be logged with level INFO)
2025-05-23 18:43:12,834 - INFO - Client disconnected: h7fJiScOp7numykNAAAB
2025-05-23 18:43:14,016 - INFO - Client connected: POT-Tu3_5yKrOaHDAAAD
2025-05-23 18:43:14,019 - ERROR - Invalid session NwqvYU3_UtDQzEtZAAAC (further occurrences of this error will be logged with level INFO)
2025-05-23 18:43:15,032 - INFO - Client disconnected: POT-Tu3_5yKrOaHDAAAD
2025-05-23 18:43:16,049 - INFO - Client connected: EIYUMYygVFcKu6aZAAAF
2025-05-23 18:43:17,059 - INFO - Client disconnected: EIYUMYygVFcKu6aZAAAF
2025-05-23 18:43:18,456 - INFO - Client connected: CHpLphAAsKbVcHxPAAAH
2025-05-23 18:43:19,472 - INFO - Client disconnected: CHpLphAAsKbVcHxPAAAH
2025-05-23 18:43:20,645 - INFO - Client connected: quK7xIlQZEKN40o8AAAJ
2025-05-23 18:43:21,655 - INFO - Client disconnected: quK7xIlQZEKN40o8AAAJ
2025-05-23 18:43:22,952 - INFO - Client connected: djib8F0ohUCQZFNfAAAL
2025-05-23 18:43:23,966 - INFO - Client disconnected: djib8F0ohUCQZFNfAAAL
2025-05-23 18:43:24,977 - INFO - Client connected: f7zmrxX9ru4QgpsmAAAN
2025-05-23 18:43:25,988 - INFO - Client disconnected: f7zmrxX9ru4QgpsmAAAN
2025-05-23 18:43:26,998 - INFO - Client connected: tc9d1oW2AgORjJCpAAAP
2025-05-23 18:43:28,009 - INFO - Client disconnected: tc9d1oW2AgORjJCpAAAP
2025-05-23 18:43:29,015 - INFO - Client connected: snEpFu9nqL2CUS-iAAAR
2025-05-23 18:44:45,055 - INFO - Client disconnected: snEpFu9nqL2CUS-iAAAR
2025-05-23 18:44:46,065 - INFO - Client connected: LMilQSNWcMNgULRUAAAT
2025-05-23 18:44:47,080 - INFO - Client disconnected: LMilQSNWcMNgULRUAAAT
2025-05-23 18:44:48,389 - INFO - Client connected: d5LdOBthGX-IbnCBAAAV
2025-05-23 18:47:19,459 - INFO - Client disconnected: d5LdOBthGX-IbnCBAAAV
2025-05-23 18:47:20,467 - INFO - Client connected: noHytJ3mPmc1FUerAAAX
2025-05-23 18:47:21,478 - INFO - Client disconnected: noHytJ3mPmc1FUerAAAX
2025-05-23 18:47:22,973 - INFO - Client connected: NBZ98GoTk6bfiAbsAAAZ
2025-05-23 18:48:39,000 - INFO - Client disconnected: NBZ98GoTk6bfiAbsAAAZ
2025-05-23 18:48:40,006 - INFO - Client connected: 8s8AT4oaX3bJMu0_AAAb
2025-05-23 18:49:06,019 - INFO - Client disconnected: 8s8AT4oaX3bJMu0_AAAb
2025-05-23 18:49:07,426 - INFO - Client connected: ytrPohiy09RTu41tAAAd
2025-05-23 18:49:08,439 - INFO - Client disconnected: ytrPohiy09RTu41tAAAd
2025-05-23 18:49:09,446 - INFO - Client connected: fcP79_N6t1wnQACpAAAf
2025-05-23 18:49:10,473 - INFO - Client disconnected: fcP79_N6t1wnQACpAAAf
2025-05-23 18:49:11,481 - INFO - Client connected: Xk8Rh3gIMZaPP2sVAAAh
2025-05-23 18:49:13,995 - INFO - Client connected: fcVb9jGvn-x_ukyxAAAB
2025-05-23 18:49:13,999 - ERROR - Invalid session IbYe59qUyiPCWlGRAAAA (further occurrences of this error will be logged with level INFO)
2025-05-23 18:49:15,002 - INFO - Client disconnected: fcVb9jGvn-x_ukyxAAAB
2025-05-23 18:49:16,010 - INFO - Client connected: Giip941OHxRB4hsNAAAD
2025-05-23 18:49:17,022 - INFO - Client disconnected: Giip941OHxRB4hsNAAAD
2025-05-23 18:49:18,134 - INFO - Client connected: y-FenOVJ_gLCLxcaAAAF
2025-05-23 18:49:19,140 - INFO - Client disconnected: y-FenOVJ_gLCLxcaAAAF
2025-05-23 18:49:20,152 - INFO - Client connected: bB-cRxw3lYWhs_MuAAAH
2025-05-23 18:50:11,979 - INFO - Client disconnected: Xk8Rh3gIMZaPP2sVAAAh
2025-05-23 18:51:18,823 - INFO - Client connected: iDTrk0WJ9A4ziy-GAAAB
2025-05-23 18:51:18,925 - INFO - Client disconnected: iDTrk0WJ9A4ziy-GAAAB
2025-05-23 18:51:19,610 - INFO - Client connected: i8x0x8GKN52NRlxVAAAD
2025-05-23 18:51:19,621 - INFO - Client disconnected: i8x0x8GKN52NRlxVAAAD
2025-05-23 18:51:20,938 - INFO - Client connected: Y3QMSvYk9TvkSwvDAAAF
2025-05-23 18:51:40,335 - INFO - Client connected: 71NHvRwo2Ifr1A9vAAAj
2025-05-23 18:51:42,649 - INFO - Client disconnected: 71NHvRwo2Ifr1A9vAAAj
2025-05-23 18:52:18,755 - INFO - Client disconnected: Y3QMSvYk9TvkSwvDAAAF
